<?xml version="1.0" encoding="UTF-8"?>
<!-- Generated by org.testng.reporters.JUnitXMLReporter -->
<testsuite hostname="DESKTOP-0PRV3RB" failures="0" tests="3" name="Default test" time="49.044" errors="0" timestamp="27 May 2021 14:23:04 GMT">
  <testcase classname="com.crm.qa.test.LoginPageTest" name="initialization" time="11.537"/>
  <testcase classname="com.crm.qa.test.LoginPageTest" name="vlaidateTile" time="0.013"/>
  <testcase classname="com.crm.qa.test.LoginPageTest" name="loginTest" time="1.691"/>
</testsuite> <!-- Default test -->
