<?xml version="1.0" encoding="UTF-8"?>
<testng-results total="3" passed="3" failed="0" skipped="0">
  <reporter-output>
  </reporter-output>
  <suite started-at="2021-05-27T14:22:15Z" name="Default suite" finished-at="2021-05-27T14:23:04Z" duration-ms="49044">
    <groups>
    </groups>
    <test started-at="2021-05-27T14:22:15Z" name="Default test" finished-at="2021-05-27T14:23:04Z" duration-ms="49044">
      <class name="com.crm.qa.test.LoginPageTest">
        <test-method is-config="true" signature="setUp()[pri:0, instance:com.crm.qa.test.LoginPageTest@78aa1f72]" started-at="2021-05-27T19:52:15Z" name="setUp" finished-at="2021-05-27T19:52:26Z" duration-ms="10847" status="PASS">
          <reporter-output>
          </reporter-output>
        </test-method> <!-- setUp -->
        <test-method signature="initialization()[pri:0, instance:com.crm.qa.test.LoginPageTest@78aa1f72]" started-at="2021-05-27T19:52:26Z" name="initialization" finished-at="2021-05-27T19:52:38Z" duration-ms="11537" status="PASS">
          <reporter-output>
          </reporter-output>
        </test-method> <!-- initialization -->
        <test-method is-config="true" signature="setUp()[pri:0, instance:com.crm.qa.test.LoginPageTest@78aa1f72]" started-at="2021-05-27T19:52:38Z" name="setUp" finished-at="2021-05-27T19:52:52Z" duration-ms="14576" status="PASS">
          <reporter-output>
          </reporter-output>
        </test-method> <!-- setUp -->
        <test-method signature="vlaidateTile()[pri:0, instance:com.crm.qa.test.LoginPageTest@78aa1f72]" started-at="2021-05-27T19:52:52Z" name="vlaidateTile" finished-at="2021-05-27T19:52:52Z" duration-ms="13" status="PASS">
          <reporter-output>
          </reporter-output>
        </test-method> <!-- vlaidateTile -->
        <test-method is-config="true" signature="setUp()[pri:0, instance:com.crm.qa.test.LoginPageTest@78aa1f72]" started-at="2021-05-27T19:52:52Z" name="setUp" finished-at="2021-05-27T19:53:03Z" duration-ms="10299" status="PASS">
          <reporter-output>
          </reporter-output>
        </test-method> <!-- setUp -->
        <test-method signature="loginTest()[pri:0, instance:com.crm.qa.test.LoginPageTest@78aa1f72]" started-at="2021-05-27T19:53:03Z" name="loginTest" finished-at="2021-05-27T19:53:04Z" duration-ms="1691" status="PASS">
          <reporter-output>
          </reporter-output>
        </test-method> <!-- loginTest -->
      </class> <!-- com.crm.qa.test.LoginPageTest -->
    </test> <!-- Default test -->
  </suite> <!-- Default suite -->
</testng-results>
